<?xml version="1.0" encoding="UTF-8"?>
<!-- Generated by org.testng.reporters.JUnitReportReporter -->
<testsuite hostname="Lenovo-PC" failures="0" tests="1" name="gitPractice.Demo1" time="0.010" errors="0" timestamp="2021-11-11T12:51:44 IST" skipped="0">
  <testcase classname="gitPractice.Demo1" name="demo" time="0.010"/>
  <system-out/>
</testsuite> <!-- gitPractice.Demo1 -->
