<?xml version="1.0" encoding="UTF-8"?>
<!-- Generated by org.testng.reporters.JUnitReportReporter -->
<testsuite hostname="Lenovo-PC" failures="0" tests="1" name="gitPractice.Demo3" time="0.035" errors="0" timestamp="2021-11-12T11:57:59 IST" skipped="0">
  <testcase classname="gitPractice.Demo3" name="demo" time="0.035"/>
  <system-out/>
</testsuite> <!-- gitPractice.Demo3 -->
