<?xml version="1.0" encoding="UTF-8"?>
<!-- Generated by org.testng.reporters.JUnitReportReporter -->
<testsuite hostname="Lenovo-PC" failures="0" tests="1" name="gitPractice.Demo2" time="0.009" errors="0" timestamp="2021-11-11T12:43:42 IST" skipped="0">
  <testcase classname="gitPractice.Demo2" name="demo2" time="0.009"/>
  <system-out/>
</testsuite> <!-- gitPractice.Demo2 -->
