<?xml version="1.0" encoding="UTF-8"?>
<!-- Generated by org.testng.reporters.JUnitReportReporter -->
<testsuite hostname="Lenovo-PC" failures="0" tests="1" name="Maven.Test1" time="0.036" errors="0" timestamp="2021-11-10T17:29:01 IST" skipped="0">
  <testcase classname="Maven.Test1" name="test1" time="0.036"/>
  <system-out/>
</testsuite> <!-- Maven.Test1 -->
