<?xml version="1.0" encoding="UTF-8"?>
<!-- Generated by org.testng.reporters.JUnitReportReporter -->
<testsuite hostname="Lenovo-PC" failures="0" tests="1" name="Maven.ReadDataFromCMD" time="0.009" errors="0" timestamp="2021-11-10T17:57:46 IST" skipped="0">
  <testcase classname="Maven.ReadDataFromCMD" name="readData" time="0.009"/>
  <system-out/>
</testsuite> <!-- Maven.ReadDataFromCMD -->
